Temp/gradleOut/build/outputs/logs/manifest-merger-release-report.txt
-- Merging decision tree log ---
manifest
ADDED from src/main/AndroidManifest.xml:2:1-35:12
INJECTED from src/main/AndroidManifest.xml:2:1-35:12
INJECTED from src/main/AndroidManifest.xml:2:1-35:12
INJECTED from src/main/AndroidManifest.xml:2:1-35:12
MERGED from [:android.arch.core.runtime-1.1.0:] AndroidManifest.xml:17:1-22:12
MERGED from [:android.arch.lifecycle.livedata-core-1.1.0:] AndroidManifest.xml:17:1-22:12
MERGED from [:android.arch.lifecycle.runtime-1.1.0:] AndroidManifest.xml:17:1-22:12
MERGED from [:android.arch.lifecycle.viewmodel-1.1.0:] AndroidManifest.xml:17:1-22:12
MERGED from [:com.android.support.animated-vector-drawable-27.1.1:] AndroidManifest.xml:17:1-22:12
MERGED from [:com.android.support.appcompat-v7-27.1.1:] AndroidManifest.xml:17:1-22:12
MERGED from [:com.android.support.cardview-v7-27.1.1:] AndroidManifest.xml:17:1-22:12
MERGED from [:com.android.support.customtabs-27.1.1:] AndroidManifest.xml:17:1-22:12
MERGED from [:com.android.support.support-compat-27.1.1:] AndroidManifest.xml:17:1-22:12
MERGED from [:com.android.support.support-core-ui-27.1.1:] AndroidManifest.xml:17:1-22:12
MERGED from [:com.android.support.support-core-utils-27.1.1:] AndroidManifest.xml:17:1-22:12
MERGED from [:com.android.support.support-fragment-27.1.1:] AndroidManifest.xml:17:1-22:12
MERGED from [:com.android.support.support-media-compat-27.1.1:] AndroidManifest.xml:17:1-22:12
MERGED from [:com.android.support.support-v4-27.1.1:] AndroidManifest.xml:17:1-22:12
MERGED from [:com.android.support.support-vector-drawable-27.1.1:] AndroidManifest.xml:17:1-22:12
MERGED from [:com.google.android.gms.play-services-ads-identifier-15.0.1:] AndroidManifest.xml:17:1-24:12
MERGED from [:com.google.android.gms.play-services-basement-15.0.1:] AndroidManifest.xml:17:1-28:12
MERGED from [:facebook-android-wrapper-7.15.1:] AndroidManifest.xml:21:1-30:12
MERGED from [:facebook-applinks:] AndroidManifest.xml:21:1-31:12
MERGED from [:facebook-common:] AndroidManifest.xml:21:1-37:12
MERGED from [:facebook-core:] AndroidManifest.xml:21:1-53:12
MERGED from [:facebook-login:] AndroidManifest.xml:21:1-31:12
MERGED from [:facebook-marketing:] AndroidManifest.xml:21:1-35:12
MERGED from [:facebook-messenger:] AndroidManifest.xml:21:1-31:12
MERGED from [:facebook-places:] AndroidManifest.xml:21:1-31:12
MERGED from [:facebook-share:] AndroidManifest.xml:21:1-31:12
MERGED from [:gameanalytics:] AndroidManifest.xml:2:1-24:12
INJECTED from src/main/AndroidManifest.xml:2:1-35:12
INJECTED from src/main/AndroidManifest.xml:2:1-35:12
INJECTED from src/main/AndroidManifest.xml:2:1-35:12
	package
		ADDED from src/main/AndroidManifest.xml:2:70-106
		INJECTED from src/main/AndroidManifest.xml
		INJECTED from src/main/AndroidManifest.xml
	android:versionName
		INJECTED from src/main/AndroidManifest.xml
		ADDED from src/main/AndroidManifest.xml:2:1-35:12
		INJECTED from src/main/AndroidManifest.xml
	xmlns:tools
		ADDED from src/main/AndroidManifest.xml:2:107-153
	android:versionCode
		INJECTED from src/main/AndroidManifest.xml
		ADDED from src/main/AndroidManifest.xml:2:1-35:12
		INJECTED from src/main/AndroidManifest.xml
	xmlns:android
		ADDED from src/main/AndroidManifest.xml:2:11-69
	android:installLocation
		ADDED from src/main/AndroidManifest.xml:2:154-194
supports-screens
ADDED from src/main/AndroidManifest.xml:3:3-163
	android:largeScreens
		ADDED from src/main/AndroidManifest.xml:3:78-105
	android:smallScreens
		ADDED from src/main/AndroidManifest.xml:3:21-48
	android:normalScreens
		ADDED from src/main/AndroidManifest.xml:3:49-77
	android:xlargeScreens
		ADDED from src/main/AndroidManifest.xml:3:106-134
	android:anyDensity
		ADDED from src/main/AndroidManifest.xml:3:135-160
application
ADDED from src/main/AndroidManifest.xml:4:3-29:17
MERGED from [:com.google.android.gms.play-services-ads-identifier-15.0.1:] AndroidManifest.xml:22:5-20
MERGED from [:com.google.android.gms.play-services-ads-identifier-15.0.1:] AndroidManifest.xml:22:5-20
MERGED from [:com.google.android.gms.play-services-basement-15.0.1:] AndroidManifest.xml:22:5-26:19
MERGED from [:com.google.android.gms.play-services-basement-15.0.1:] AndroidManifest.xml:22:5-26:19
MERGED from [:facebook-android-wrapper-7.15.1:] AndroidManifest.xml:28:5-20
MERGED from [:facebook-android-wrapper-7.15.1:] AndroidManifest.xml:28:5-20
MERGED from [:facebook-applinks:] AndroidManifest.xml:28:5-29:19
MERGED from [:facebook-applinks:] AndroidManifest.xml:28:5-29:19
MERGED from [:facebook-common:] AndroidManifest.xml:28:5-35:19
MERGED from [:facebook-common:] AndroidManifest.xml:28:5-35:19
MERGED from [:facebook-core:] AndroidManifest.xml:28:5-51:19
MERGED from [:facebook-core:] AndroidManifest.xml:28:5-51:19
MERGED from [:facebook-login:] AndroidManifest.xml:28:5-29:19
MERGED from [:facebook-login:] AndroidManifest.xml:28:5-29:19
MERGED from [:facebook-marketing:] AndroidManifest.xml:28:5-33:19
MERGED from [:facebook-marketing:] AndroidManifest.xml:28:5-33:19
MERGED from [:facebook-messenger:] AndroidManifest.xml:28:5-29:19
MERGED from [:facebook-messenger:] AndroidManifest.xml:28:5-29:19
MERGED from [:facebook-places:] AndroidManifest.xml:28:5-29:19
MERGED from [:facebook-places:] AndroidManifest.xml:28:5-29:19
MERGED from [:facebook-share:] AndroidManifest.xml:28:5-29:19
MERGED from [:facebook-share:] AndroidManifest.xml:28:5-29:19
MERGED from [:gameanalytics:] AndroidManifest.xml:14:5-22:19
MERGED from [:gameanalytics:] AndroidManifest.xml:14:5-22:19
	android:supportsRtl
		ADDED from [:facebook-applinks:] AndroidManifest.xml:28:18-44
	android:label
		ADDED from src/main/AndroidManifest.xml:4:90-122
	android:allowBackup
		ADDED from [:gameanalytics:] AndroidManifest.xml:14:18-44
	android:icon
		ADDED from src/main/AndroidManifest.xml:4:58-89
	android:theme
		ADDED from src/main/AndroidManifest.xml:4:16-57
activity#com.unity3d.player.UnityPlayerActivity
ADDED from src/main/AndroidManifest.xml:5:5-12:16
	android:screenOrientation
		ADDED from src/main/AndroidManifest.xml:5:102-138
	android:label
		ADDED from src/main/AndroidManifest.xml:5:69-101
	android:launchMode
		ADDED from src/main/AndroidManifest.xml:5:139-170
	android:hardwareAccelerated
		ADDED from src/main/AndroidManifest.xml:5:353-388
	android:configChanges
		ADDED from src/main/AndroidManifest.xml:5:171-352
	android:name
		ADDED from src/main/AndroidManifest.xml:5:15-68
intent-filter#action:name:android.intent.action.MAIN+category:name:android.intent.category.LAUNCHER
ADDED from src/main/AndroidManifest.xml:6:7-9:23
action#android.intent.action.MAIN
ADDED from src/main/AndroidManifest.xml:7:9-61
	android:name
		ADDED from src/main/AndroidManifest.xml:7:17-58
category#android.intent.category.LAUNCHER
ADDED from src/main/AndroidManifest.xml:8:9-69
	android:name
		ADDED from src/main/AndroidManifest.xml:8:19-66
meta-data#unityplayer.UnityActivity
ADDED from src/main/AndroidManifest.xml:10:7-82
	android:value
		ADDED from src/main/AndroidManifest.xml:10:59-79
	android:name
		ADDED from src/main/AndroidManifest.xml:10:18-58
meta-data#android.notch_support
ADDED from src/main/AndroidManifest.xml:11:7-78
	android:value
		ADDED from src/main/AndroidManifest.xml:11:55-75
	android:name
		ADDED from src/main/AndroidManifest.xml:11:18-54
activity#com.facebook.unity.FBUnityLoginActivity
ADDED from src/main/AndroidManifest.xml:13:5-301
	android:configChanges
		ADDED from src/main/AndroidManifest.xml:13:70-227
	android:theme
		ADDED from src/main/AndroidManifest.xml:13:228-298
	android:name
		ADDED from src/main/AndroidManifest.xml:13:15-69
activity#com.facebook.unity.FBUnityDialogsActivity
ADDED from src/main/AndroidManifest.xml:14:5-303
	android:configChanges
		ADDED from src/main/AndroidManifest.xml:14:72-229
	android:theme
		ADDED from src/main/AndroidManifest.xml:14:230-300
	android:name
		ADDED from src/main/AndroidManifest.xml:14:15-71
activity#com.facebook.unity.FBUnityAppLinkActivity
ADDED from src/main/AndroidManifest.xml:15:5-98
	android:exported
		ADDED from src/main/AndroidManifest.xml:15:72-95
	android:name
		ADDED from src/main/AndroidManifest.xml:15:15-71
activity#com.facebook.unity.FBUnityDeepLinkingActivity
ADDED from src/main/AndroidManifest.xml:16:5-102
	android:exported
		ADDED from src/main/AndroidManifest.xml:16:76-99
	android:name
		ADDED from src/main/AndroidManifest.xml:16:15-75
activity#com.facebook.unity.FBUnityGameRequestActivity
ADDED from src/main/AndroidManifest.xml:17:5-78
	android:name
		ADDED from src/main/AndroidManifest.xml:17:15-75
activity#com.facebook.unity.FBUnityCreateGameGroupActivity
ADDED from src/main/AndroidManifest.xml:18:5-82
	android:name
		ADDED from src/main/AndroidManifest.xml:18:15-79
activity#com.facebook.unity.FBUnityJoinGameGroupActivity
ADDED from src/main/AndroidManifest.xml:19:5-80
	android:name
		ADDED from src/main/AndroidManifest.xml:19:15-77
activity#com.facebook.unity.AppInviteDialogActivity
ADDED from src/main/AndroidManifest.xml:20:5-75
	android:name
		ADDED from src/main/AndroidManifest.xml:20:15-72
meta-data#com.facebook.sdk.ApplicationId
ADDED from src/main/AndroidManifest.xml:21:5-98
	android:value
		ADDED from src/main/AndroidManifest.xml:21:62-95
	android:name
		ADDED from src/main/AndroidManifest.xml:21:16-61
meta-data#com.facebook.sdk.AutoLogAppEventsEnabled
ADDED from src/main/AndroidManifest.xml:22:5-95
	android:value
		ADDED from src/main/AndroidManifest.xml:22:72-92
	android:name
		ADDED from src/main/AndroidManifest.xml:22:16-71
meta-data#com.facebook.sdk.AdvertiserIDCollectionEnabled
ADDED from src/main/AndroidManifest.xml:23:5-101
	android:value
		ADDED from src/main/AndroidManifest.xml:23:78-98
	android:name
		ADDED from src/main/AndroidManifest.xml:23:16-77
provider#com.facebook.FacebookContentProvider
ADDED from src/main/AndroidManifest.xml:24:5-171
	android:authorities
		ADDED from src/main/AndroidManifest.xml:24:67-144
	android:exported
		ADDED from src/main/AndroidManifest.xml:24:145-168
	android:name
		ADDED from src/main/AndroidManifest.xml:24:15-66
meta-data#unity.build-id
ADDED from src/main/AndroidManifest.xml:25:5-101
	android:value
		ADDED from src/main/AndroidManifest.xml:25:46-98
	android:name
		ADDED from src/main/AndroidManifest.xml:25:16-45
meta-data#unity.splash-mode
ADDED from src/main/AndroidManifest.xml:26:5-69
	android:value
		ADDED from src/main/AndroidManifest.xml:26:49-66
	android:name
		ADDED from src/main/AndroidManifest.xml:26:16-48
meta-data#unity.splash-enable
ADDED from src/main/AndroidManifest.xml:27:5-74
	android:value
		ADDED from src/main/AndroidManifest.xml:27:51-71
	android:name
		ADDED from src/main/AndroidManifest.xml:27:16-50
meta-data#notch.config
ADDED from src/main/AndroidManifest.xml:28:5-81
	android:value
		ADDED from src/main/AndroidManifest.xml:28:44-78
	android:name
		ADDED from src/main/AndroidManifest.xml:28:16-43
uses-feature#0x00020000
ADDED from src/main/AndroidManifest.xml:30:3-52
	android:glEsVersion
		ADDED from src/main/AndroidManifest.xml:30:17-49
uses-permission#android.permission.INTERNET
ADDED from src/main/AndroidManifest.xml:31:3-65
MERGED from [:gameanalytics:] AndroidManifest.xml:11:5-67
MERGED from [:gameanalytics:] AndroidManifest.xml:11:5-67
	android:name
		ADDED from src/main/AndroidManifest.xml:31:20-62
uses-feature#android.hardware.touchscreen
ADDED from src/main/AndroidManifest.xml:32:3-88
	android:required
		ADDED from src/main/AndroidManifest.xml:32:61-85
	android:name
		ADDED from src/main/AndroidManifest.xml:32:17-60
uses-feature#android.hardware.touchscreen.multitouch
ADDED from src/main/AndroidManifest.xml:33:3-99
	android:required
		ADDED from src/main/AndroidManifest.xml:33:72-96
	android:name
		ADDED from src/main/AndroidManifest.xml:33:17-71
uses-feature#android.hardware.touchscreen.multitouch.distinct
ADDED from src/main/AndroidManifest.xml:34:3-108
	android:required
		ADDED from src/main/AndroidManifest.xml:34:81-105
	android:name
		ADDED from src/main/AndroidManifest.xml:34:17-80
uses-sdk
INJECTED from src/main/AndroidManifest.xml reason: use-sdk injection requested
INJECTED from src/main/AndroidManifest.xml
INJECTED from src/main/AndroidManifest.xml
MERGED from [:android.arch.core.runtime-1.1.0:] AndroidManifest.xml:20:5-44
MERGED from [:android.arch.core.runtime-1.1.0:] AndroidManifest.xml:20:5-44
MERGED from [:android.arch.lifecycle.livedata-core-1.1.0:] AndroidManifest.xml:20:5-44
MERGED from [:android.arch.lifecycle.livedata-core-1.1.0:] AndroidManifest.xml:20:5-44
MERGED from [:android.arch.lifecycle.runtime-1.1.0:] AndroidManifest.xml:20:5-44
MERGED from [:android.arch.lifecycle.runtime-1.1.0:] AndroidManifest.xml:20:5-44
MERGED from [:android.arch.lifecycle.viewmodel-1.1.0:] AndroidManifest.xml:20:5-44
MERGED from [:android.arch.lifecycle.viewmodel-1.1.0:] AndroidManifest.xml:20:5-44
MERGED from [:com.android.support.animated-vector-drawable-27.1.1:] AndroidManifest.xml:20:5-44
MERGED from [:com.android.support.animated-vector-drawable-27.1.1:] AndroidManifest.xml:20:5-44
MERGED from [:com.android.support.appcompat-v7-27.1.1:] AndroidManifest.xml:20:5-44
MERGED from [:com.android.support.appcompat-v7-27.1.1:] AndroidManifest.xml:20:5-44
MERGED from [:com.android.support.cardview-v7-27.1.1:] AndroidManifest.xml:20:5-44
MERGED from [:com.android.support.cardview-v7-27.1.1:] AndroidManifest.xml:20:5-44
MERGED from [:com.android.support.customtabs-27.1.1:] AndroidManifest.xml:20:5-44
MERGED from [:com.android.support.customtabs-27.1.1:] AndroidManifest.xml:20:5-44
MERGED from [:com.android.support.support-compat-27.1.1:] AndroidManifest.xml:20:5-44
MERGED from [:com.android.support.support-compat-27.1.1:] AndroidManifest.xml:20:5-44
MERGED from [:com.android.support.support-core-ui-27.1.1:] AndroidManifest.xml:20:5-44
MERGED from [:com.android.support.support-core-ui-27.1.1:] AndroidManifest.xml:20:5-44
MERGED from [:com.android.support.support-core-utils-27.1.1:] AndroidManifest.xml:20:5-44
MERGED from [:com.android.support.support-core-utils-27.1.1:] AndroidManifest.xml:20:5-44
MERGED from [:com.android.support.support-fragment-27.1.1:] AndroidManifest.xml:20:5-44
MERGED from [:com.android.support.support-fragment-27.1.1:] AndroidManifest.xml:20:5-44
MERGED from [:com.android.support.support-media-compat-27.1.1:] AndroidManifest.xml:20:5-44
MERGED from [:com.android.support.support-media-compat-27.1.1:] AndroidManifest.xml:20:5-44
MERGED from [:com.android.support.support-v4-27.1.1:] AndroidManifest.xml:20:5-44
MERGED from [:com.android.support.support-v4-27.1.1:] AndroidManifest.xml:20:5-44
MERGED from [:com.android.support.support-vector-drawable-27.1.1:] AndroidManifest.xml:20:5-44
MERGED from [:com.android.support.support-vector-drawable-27.1.1:] AndroidManifest.xml:20:5-44
MERGED from [:com.google.android.gms.play-services-ads-identifier-15.0.1:] AndroidManifest.xml:20:5-44
MERGED from [:com.google.android.gms.play-services-ads-identifier-15.0.1:] AndroidManifest.xml:20:5-44
MERGED from [:com.google.android.gms.play-services-basement-15.0.1:] AndroidManifest.xml:20:5-44
MERGED from [:com.google.android.gms.play-services-basement-15.0.1:] AndroidManifest.xml:20:5-44
MERGED from [:facebook-android-wrapper-7.15.1:] AndroidManifest.xml:24:5-26:41
MERGED from [:facebook-android-wrapper-7.15.1:] AndroidManifest.xml:24:5-26:41
MERGED from [:facebook-applinks:] AndroidManifest.xml:24:5-26:41
MERGED from [:facebook-applinks:] AndroidManifest.xml:24:5-26:41
MERGED from [:facebook-common:] AndroidManifest.xml:24:5-26:41
MERGED from [:facebook-common:] AndroidManifest.xml:24:5-26:41
MERGED from [:facebook-core:] AndroidManifest.xml:24:5-26:41
MERGED from [:facebook-core:] AndroidManifest.xml:24:5-26:41
MERGED from [:facebook-login:] AndroidManifest.xml:24:5-26:41
MERGED from [:facebook-login:] AndroidManifest.xml:24:5-26:41
MERGED from [:facebook-marketing:] AndroidManifest.xml:24:5-26:41
MERGED from [:facebook-marketing:] AndroidManifest.xml:24:5-26:41
MERGED from [:facebook-messenger:] AndroidManifest.xml:24:5-26:41
MERGED from [:facebook-messenger:] AndroidManifest.xml:24:5-26:41
MERGED from [:facebook-places:] AndroidManifest.xml:24:5-26:41
MERGED from [:facebook-places:] AndroidManifest.xml:24:5-26:41
MERGED from [:facebook-share:] AndroidManifest.xml:24:5-26:41
MERGED from [:facebook-share:] AndroidManifest.xml:24:5-26:41
MERGED from [:gameanalytics:] AndroidManifest.xml:7:5-9:41
MERGED from [:gameanalytics:] AndroidManifest.xml:7:5-9:41
INJECTED from src/main/AndroidManifest.xml
INJECTED from src/main/AndroidManifest.xml
	android:targetSdkVersion
		INJECTED from src/main/AndroidManifest.xml
		ADDED from src/main/AndroidManifest.xml
		INJECTED from src/main/AndroidManifest.xml
	android:minSdkVersion
		INJECTED from src/main/AndroidManifest.xml
		ADDED from src/main/AndroidManifest.xml
		INJECTED from src/main/AndroidManifest.xml
meta-data#com.google.android.gms.version
ADDED from [:com.google.android.gms.play-services-basement-15.0.1:] AndroidManifest.xml:23:9-25:69
MERGED from [:gameanalytics:] AndroidManifest.xml:15:9-17:69
MERGED from [:gameanalytics:] AndroidManifest.xml:15:9-17:69
	android:value
		ADDED from [:com.google.android.gms.play-services-basement-15.0.1:] AndroidManifest.xml:25:13-66
	android:name
		ADDED from [:com.google.android.gms.play-services-basement-15.0.1:] AndroidManifest.xml:24:13-58
activity#com.facebook.FacebookActivity
ADDED from [:facebook-common:] AndroidManifest.xml:29:9-32:66
	android:configChanges
		ADDED from [:facebook-common:] AndroidManifest.xml:31:13-96
	android:theme
		ADDED from [:facebook-common:] AndroidManifest.xml:32:13-63
	android:name
		ADDED from [:facebook-common:] AndroidManifest.xml:30:13-57
activity#com.facebook.CustomTabMainActivity
ADDED from [:facebook-common:] AndroidManifest.xml:33:9-71
	android:name
		ADDED from [:facebook-common:] AndroidManifest.xml:33:19-68
activity#com.facebook.CustomTabActivity
ADDED from [:facebook-common:] AndroidManifest.xml:34:9-67
	android:name
		ADDED from [:facebook-common:] AndroidManifest.xml:34:19-64
provider#com.facebook.internal.FacebookInitProvider
ADDED from [:facebook-core:] AndroidManifest.xml:39:9-42:40
	android:authorities
		ADDED from [:facebook-core:] AndroidManifest.xml:41:13-72
	android:exported
		ADDED from [:facebook-core:] AndroidManifest.xml:42:13-37
	android:name
		ADDED from [:facebook-core:] AndroidManifest.xml:40:13-70
receiver#com.facebook.CurrentAccessTokenExpirationBroadcastReceiver
ADDED from [:facebook-core:] AndroidManifest.xml:44:9-50:20
	android:exported
		ADDED from [:facebook-core:] AndroidManifest.xml:46:13-37
	android:name
		ADDED from [:facebook-core:] AndroidManifest.xml:45:13-86
intent-filter#action:name:com.facebook.sdk.ACTION_CURRENT_ACCESS_TOKEN_CHANGED
ADDED from [:facebook-core:] AndroidManifest.xml:47:13-49:29
action#com.facebook.sdk.ACTION_CURRENT_ACCESS_TOKEN_CHANGED
ADDED from [:facebook-core:] AndroidManifest.xml:48:17-95
	android:name
		ADDED from [:facebook-core:] AndroidManifest.xml:48:25-92
provider#com.facebook.marketing.internal.MarketingInitProvider
ADDED from [:facebook-marketing:] AndroidManifest.xml:29:9-32:40
	android:authorities
		ADDED from [:facebook-marketing:] AndroidManifest.xml:31:13-73
	android:exported
		ADDED from [:facebook-marketing:] AndroidManifest.xml:32:13-37
	android:name
		ADDED from [:facebook-marketing:] AndroidManifest.xml:30:13-81
uses-permission#android.permission.ACCESS_NETWORK_STATE
ADDED from [:gameanalytics:] AndroidManifest.xml:12:5-79
	android:name
		ADDED from [:gameanalytics:] AndroidManifest.xml:12:22-76
service#com.gameanalytics.sdk.errorreporter.GameAnalyticsExceptionReportService
ADDED from [:gameanalytics:] AndroidManifest.xml:19:9-21:65
	android:process
		ADDED from [:gameanalytics:] AndroidManifest.xml:21:13-62
	android:name
		ADDED from [:gameanalytics:] AndroidManifest.xml:20:13-99